# JRE version: Java(TM) SE Runtime Environment (8.0_92-b14) (build 1.8.0_92-b14)
# Java VM: Java HotSpot(TM) 64-Bit Server VM (25.92-b14 mixed mode windows-amd64 compressed oops)
Heap:
 PSYoungGen      total 375296K, used 362535K [0x00000000d6700000, 0x00000000f2800000, 0x0000000100000000)
  eden space 360448K, 97% used [0x00000000d6700000,0x00000000ebcb57f8,0x00000000ec700000)
  from space 14848K, 85% used [0x00000000ec700000,0x00000000ed3547a8,0x00000000ed580000)
  to   space 15872K, 0% used [0x00000000f1880000,0x00000000f1880000,0x00000000f2800000)
 ParOldGen       total 91136K, used 25228K [0x0000000083400000, 0x0000000088d00000, 0x00000000d6700000)
  object space 91136K, 27% used [0x0000000083400000,0x0000000084ca33d0,0x0000000088d00000)
 Metaspace       used 51851K, capacity 52476K, committed 52864K, reserved 1095680K
  class space    used 6564K, capacity 6712K, committed 6784K, reserved 1048576K
GC Heap History (10 events):
Event: 4.530 GC heap before
{Heap before GC invocations=11 (full 1):
 PSYoungGen      total 264704K, used 264702K [0x00000000d6700000, 0x00000000e8780000, 0x0000000100000000)
  eden space 257024K, 100% used [0x00000000d6700000,0x00000000e6200000,0x00000000e6200000)
  from space 7680K, 99% used [0x00000000e6200000,0x00000000e697f9a8,0x00000000e6980000)
  to   space 9216K, 0% used [0x00000000e7e80000,0x00000000e7e80000,0x00000000e8780000)
 ParOldGen       total 53248K, used 7979K [0x0000000083400000, 0x0000000086800000, 0x00000000d6700000)
  object space 53248K, 14% used [0x0000000083400000,0x0000000083bcae30,0x0000000086800000)
 Metaspace       used 33277K, capacity 33702K, committed 33920K, reserved 1079296K
  class space    used 4084K, capacity 4195K, committed 4224K, reserved 1048576K
Event: 4.548 GC heap after
Heap after GC invocations=11 (full 1):
 PSYoungGen      total 282624K, used 9215K [0x00000000d6700000, 0x00000000ecc80000, 0x0000000100000000)
  eden space 273408K, 0% used [0x00000000d6700000,0x00000000d6700000,0x00000000e7200000)
  from space 9216K, 99% used [0x00000000e7e80000,0x00000000e877ff28,0x00000000e8780000)
  to   space 12800K, 0% used [0x00000000e7200000,0x00000000e7200000,0x00000000e7e80000)
 ParOldGen       total 53248K, used 14006K [0x0000000083400000, 0x0000000086800000, 0x00000000d6700000)
  object space 53248K, 26% used [0x0000000083400000,0x00000000841ad9b8,0x0000000086800000)
 Metaspace       used 33277K, capacity 33702K, committed 33920K, reserved 1079296K
  class space    used 4084K, capacity 4195K, committed 4224K, reserved 1048576K
}
Event: 4.854 GC heap before
{Heap before GC invocations=12 (full 1):
 PSYoungGen      total 282624K, used 92097K [0x00000000d6700000, 0x00000000ecc80000, 0x0000000100000000)
  eden space 273408K, 30% used [0x00000000d6700000,0x00000000db7f0558,0x00000000e7200000)
  from space 9216K, 99% used [0x00000000e7e80000,0x00000000e877ff28,0x00000000e8780000)
  to   space 12800K, 0% used [0x00000000e7200000,0x00000000e7200000,0x00000000e7e80000)
 ParOldGen       total 53248K, used 14006K [0x0000000083400000, 0x0000000086800000, 0x00000000d6700000)
  object space 53248K, 26% used [0x0000000083400000,0x00000000841ad9b8,0x0000000086800000)
 Metaspace       used 34852K, capacity 35268K, committed 35456K, reserved 1081344K
  class space    used 4279K, capacity 4392K, committed 4480K, reserved 1048576K
Event: 4.861 GC heap after
Heap after GC invocations=12 (full 1):
 PSYoungGen      total 286208K, used 3307K [0x00000000d6700000, 0x00000000ee400000, 0x0000000100000000)
  eden space 273408K, 0% used [0x00000000d6700000,0x00000000d6700000,0x00000000e7200000)
  from space 12800K, 25% used [0x00000000e7200000,0x00000000e753ac58,0x00000000e7e80000)
  to   space 12288K, 0% used [0x00000000ed800000,0x00000000ed800000,0x00000000ee400000)
 ParOldGen       total 53248K, used 21959K [0x0000000083400000, 0x0000000086800000, 0x00000000d6700000)
  object space 53248K, 41% used [0x0000000083400000,0x0000000084971ed0,0x0000000086800000)
 Metaspace       used 34852K, capacity 35268K, committed 35456K, reserved 1081344K
  class space    used 4279K, capacity 4392K, committed 4480K, reserved 1048576K
}
Event: 4.861 GC heap before
{Heap before GC invocations=13 (full 2):
 PSYoungGen      total 286208K, used 3307K [0x00000000d6700000, 0x00000000ee400000, 0x0000000100000000)
  eden space 273408K, 0% used [0x00000000d6700000,0x00000000d6700000,0x00000000e7200000)
  from space 12800K, 25% used [0x00000000e7200000,0x00000000e753ac58,0x00000000e7e80000)
  to   space 12288K, 0% used [0x00000000ed800000,0x00000000ed800000,0x00000000ee400000)
 ParOldGen       total 53248K, used 21959K [0x0000000083400000, 0x0000000086800000, 0x00000000d6700000)
  object space 53248K, 41% used [0x0000000083400000,0x0000000084971ed0,0x0000000086800000)
 Metaspace       used 34852K, capacity 35268K, committed 35456K, reserved 1081344K
  class space    used 4279K, capacity 4392K, committed 4480K, reserved 1048576K
Event: 4.928 GC heap after
Heap after GC invocations=13 (full 2):
 PSYoungGen      total 286208K, used 0K [0x00000000d6700000, 0x00000000ee400000, 0x0000000100000000)
  eden space 273408K, 0% used [0x00000000d6700000,0x00000000d6700000,0x00000000e7200000)
  from space 12800K, 0% used [0x00000000e7200000,0x00000000e7200000,0x00000000e7e80000)
  to   space 12288K, 0% used [0x00000000ed800000,0x00000000ed800000,0x00000000ee400000)
 ParOldGen       total 91136K, used 18200K [0x0000000083400000, 0x0000000088d00000, 0x00000000d6700000)
  object space 91136K, 19% used [0x0000000083400000,0x00000000845c6310,0x0000000088d00000)
 Metaspace       used 34852K, capacity 35268K, committed 35456K, reserved 1081344K
  class space    used 4279K, capacity 4392K, committed 4480K, reserved 1048576K
}
Event: 46.165 GC heap before
{Heap before GC invocations=14 (full 2):
 PSYoungGen      total 286208K, used 273408K [0x00000000d6700000, 0x00000000ee400000, 0x0000000100000000)
  eden space 273408K, 100% used [0x00000000d6700000,0x00000000e7200000,0x00000000e7200000)
  from space 12800K, 0% used [0x00000000e7200000,0x00000000e7200000,0x00000000e7e80000)
  to   space 12288K, 0% used [0x00000000ed800000,0x00000000ed800000,0x00000000ee400000)
 ParOldGen       total 91136K, used 18200K [0x0000000083400000, 0x0000000088d00000, 0x00000000d6700000)
  object space 91136K, 19% used [0x0000000083400000,0x00000000845c6310,0x0000000088d00000)
 Metaspace       used 44771K, capacity 45258K, committed 45824K, reserved 1089536K
  class space    used 5644K, capacity 5785K, committed 5888K, reserved 1048576K
Event: 46.175 GC heap after
Heap after GC invocations=14 (full 2):
 PSYoungGen      total 359424K, used 12260K [0x00000000d6700000, 0x00000000ee400000, 0x0000000100000000)
  eden space 347136K, 0% used [0x00000000d6700000,0x00000000d6700000,0x00000000eba00000)
  from space 12288K, 99% used [0x00000000ed800000,0x00000000ee3f92e0,0x00000000ee400000)
  to   space 14848K, 0% used [0x00000000ec700000,0x00000000ec700000,0x00000000ed580000)
 ParOldGen       total 91136K, used 19755K [0x0000000083400000, 0x0000000088d00000, 0x00000000d6700000)
  object space 91136K, 21% used [0x0000000083400000,0x000000008474ada0,0x0000000088d00000)
 Metaspace       used 44771K, capacity 45258K, committed 45824K, reserved 1089536K
  class space    used 5644K, capacity 5785K, committed 5888K, reserved 1048576K
}
Event: 59.480 GC heap before
{Heap before GC invocations=15 (full 2):
 PSYoungGen      total 359424K, used 359396K [0x00000000d6700000, 0x00000000ee400000, 0x0000000100000000)
  eden space 347136K, 100% used [0x00000000d6700000,0x00000000eba00000,0x00000000eba00000)
  from space 12288K, 99% used [0x00000000ed800000,0x00000000ee3f92e0,0x00000000ee400000)
  to   space 14848K, 0% used [0x00000000ec700000,0x00000000ec700000,0x00000000ed580000)
 ParOldGen       total 91136K, used 19755K [0x0000000083400000, 0x0000000088d00000, 0x00000000d6700000)
  object space 91136K, 21% used [0x0000000083400000,0x000000008474ada0,0x0000000088d00000)
 Metaspace       used 50918K, capacity 51544K, committed 51968K, reserved 1095680K
  class space    used 6480K, capacity 6642K, committed 6656K, reserved 1048576K
Event: 59.506 GC heap after
Heap after GC invocations=15 (full 2):
 PSYoungGen      total 375296K, used 12625K [0x00000000d6700000, 0x00000000f2800000, 0x0000000100000000)
  eden space 360448K, 0% used [0x00000000d6700000,0x00000000d6700000,0x00000000ec700000)
  from space 14848K, 85% used [0x00000000ec700000,0x00000000ed3547a8,0x00000000ed580000)
  to   space 15872K, 0% used [0x00000000f1880000,0x00000000f1880000,0x00000000f2800000)
 ParOldGen       total 91136K, used 25228K [0x0000000083400000, 0x0000000088d00000, 0x00000000d6700000)
  object space 91136K, 27% used [0x0000000083400000,0x0000000084ca33d0,0x0000000088d00000)
 Metaspace       used 50918K, capacity 51544K, committed 51968K, reserved 1095680K
  class space    used 6480K, capacity 6642K, committed 6656K, reserved 1048576K
}

